[2019-01-08 09:34:02] convert.INFO: convert {"time":"09:34:02 08/01/2019","res":"100 USD = 685.8301 CNY"} []
[2019-01-08 11:58:42] convert.INFO: convert {"time":"11:58:42 08/01/2019","res":"100 USD = 685.5298 CNY"} []
[2019-01-08 11:58:49] convert.INFO: convert {"time":"11:58:49 08/01/2019","res":"100 USD = 2777.5981 UAH"} []
[2019-01-08 12:00:10] convert.INFO: convert {"time":"12:00:10 08/01/2019","res":"100 USD = 6704.8995 RUB"} []
[2019-01-08 12:04:11] convert.INFO: convert {"time":"12:04:11 08/01/2019","res":"100 EUR = 6704.8995 RUB"} []
[2019-01-08 12:09:25] convert.INFO: convert {"time":"12:09:25 08/01/2019","res":"100 USD = 685.5298 CNY"} []
[2019-01-08 12:09:37] convert.INFO: convert {"time":"12:09:37 08/01/2019","res":"100 EUR = 3179.4850045788 UAH"} []
[2019-01-08 12:10:03] convert.INFO: convert {"time":"12:10:03 08/01/2019","res":"100 EUR = 2777.5981 UAH"} []
[2019-01-08 12:14:03] convert.INFO: convert {"time":"12:14:03 08/01/2019","res":"100 EUR = 2777.5981 UAH"} []
[2019-01-08 12:16:51] convert.INFO: convert {"time":"12:16:51 08/01/2019","res":"100 EUR = 2777.5981 UAH"} []
[2019-01-08 12:20:56] convert.INFO: convert {"time":"12:20:56 08/01/2019","res":"100 EUR = 3179.4850045788 UAH"} []
[2019-01-08 12:23:03] convert.INFO: convert {"time":"12:23:03 08/01/2019","res":"100 EUR = 3179.4850045788 UAH"} []
[2019-01-08 12:23:22] convert.INFO: convert {"time":"12:23:22 08/01/2019","res":"100 EUR = 3179.4850045788 UAH"} []
[2019-01-08 12:23:41] convert.INFO: convert {"time":"12:23:41 08/01/2019","res":"100 EUR = 3179.4850045788 UAH"} []
[2019-01-08 12:26:41] convert.INFO: convert {"time":"12:26:41 08/01/2019","res":"100 EUR = 3179.49 UAH"} []
[2019-01-08 12:35:57] convert.INFO: convert {"time":"12:35:57 08/01/2019","res":"100 EUR = 3179.49 UAH"} []
[2019-01-08 14:59:58] convert.INFO: convert {"time":"14:59:58 08/01/2019","res":"100 UAH = 3.14 EUR"} []
[2019-01-08 15:11:04] convert.INFO: convert {"time":"15:11:04 08/01/2019","res":"100 USD = 685.3 CNY"} []
[2019-01-08 15:11:06] convert.INFO: convert {"time":"15:11:06 08/01/2019","res":" USD = 0 CNY"} []
[2019-01-08 15:11:12] convert.INFO: convert {"time":"15:11:12 08/01/2019","res":"100 EUR = 100 EUR"} []
[2019-01-08 15:12:31] convert.INFO: convert {"time":"15:12:31 08/01/2019","res":"100 EUR = 784.64 CNY"} []
[2019-01-08 15:27:26] convert.INFO: convert {"time":"15:27:26 08/01/2019","res":"100 USD = 685.3 CNY"} []
[2019-01-08 15:34:12] convert.INFO: convert {"time":"15:34:12 08/01/2019","res":"100 USD = 685.3 CNY"} []
[2019-01-08 15:34:15] convert.INFO: convert {"time":"15:34:15 08/01/2019","res":" USD = 0 CNY"} []
[2019-01-08 16:07:47] convert.INFO: convert {"time":"16:07:47 08/01/2019","res":"100 EUR = 3182.88 UAH"} []
[2019-01-08 16:21:21] convert.INFO: convert {"time":"16:21:21 08/01/2019","res":"100 UAH = 241.12 RUB"} []
